This is pdfTeX, Version 3.14159265-2.6-1.40.20 (TeX Live 2019/Debian) (preloaded format=pdflatex 2022.11.8)  1 MAR 2023 18:56
entering extended mode
 restricted \write18 enabled.
 file:line:error style messages enabled.
 %&-line parsing enabled.
**"/media/nirajan/cea4c185-1562-436a-bf0b-3d5b8338414e/Engineering Resources/6. Sixth/OS/OS LAB REPORT/Lab_2/lab_report_2.tex"
(/media/nirajan/cea4c185-1562-436a-bf0b-3d5b8338414e/Engineering Resources/6. Sixth/OS/OS LAB REPORT/Lab_2/lab_report_2.tex
LaTeX2e <2020-02-02> patch level 2
L3 programming layer <2020-02-14> (/usr/share/texlive/texmf-dist/tex/latex/IEEEtran/IEEEtran.cls
Document Class: IEEEtran 2015/08/26 V1.8b by Michael Shell
-- See the "IEEEtran_HOWTO" manual for usage information.
-- http://www.michaelshell.org/tex/ieeetran/
\@IEEEtrantmpdimenA=\dimen134
\@IEEEtrantmpdimenB=\dimen135
\@IEEEtrantmpdimenC=\dimen136
\@IEEEtrantmpcountA=\count167
\@IEEEtrantmpcountB=\count168
\@IEEEtrantmpcountC=\count169
\@IEEEtrantmptoksA=\toks14
LaTeX Font Info:    Trying to load font information for OT1+ptm on input line 503.
(/usr/share/texlive/texmf-dist/tex/latex/psnfss/ot1ptm.fd
File: ot1ptm.fd 2001/06/04 font definitions for OT1/ptm.
)
** ATTENTION: Single column mode is not typically used with IEEE publications.
-- Using 8.5in x 11in (letter) paper.
-- Using PDF output.
\@IEEEnormalsizeunitybaselineskip=\dimen137
-- This is a 10 point document.
\CLASSINFOnormalsizebaselineskip=\dimen138
\CLASSINFOnormalsizeunitybaselineskip=\dimen139
\IEEEnormaljot=\dimen140
LaTeX Font Info:    Font shape `OT1/ptm/bx/n' in size <5> not available
(Font)              Font shape `OT1/ptm/b/n' tried instead on input line 1090.
LaTeX Font Info:    Font shape `OT1/ptm/bx/it' in size <5> not available
(Font)              Font shape `OT1/ptm/b/it' tried instead on input line 1090.
LaTeX Font Info:    Font shape `OT1/ptm/bx/n' in size <7> not available
(Font)              Font shape `OT1/ptm/b/n' tried instead on input line 1090.
LaTeX Font Info:    Font shape `OT1/ptm/bx/it' in size <7> not available
(Font)              Font shape `OT1/ptm/b/it' tried instead on input line 1090.
LaTeX Font Info:    Font shape `OT1/ptm/bx/n' in size <8> not available
(Font)              Font shape `OT1/ptm/b/n' tried instead on input line 1090.
LaTeX Font Info:    Font shape `OT1/ptm/bx/it' in size <8> not available
(Font)              Font shape `OT1/ptm/b/it' tried instead on input line 1090.
LaTeX Font Info:    Font shape `OT1/ptm/bx/n' in size <9> not available
(Font)              Font shape `OT1/ptm/b/n' tried instead on input line 1090.
LaTeX Font Info:    Font shape `OT1/ptm/bx/it' in size <9> not available
(Font)              Font shape `OT1/ptm/b/it' tried instead on input line 1090.
LaTeX Font Info:    Font shape `OT1/ptm/bx/n' in size <10> not available
(Font)              Font shape `OT1/ptm/b/n' tried instead on input line 1090.
LaTeX Font Info:    Font shape `OT1/ptm/bx/it' in size <10> not available
(Font)              Font shape `OT1/ptm/b/it' tried instead on input line 1090.
LaTeX Font Info:    Font shape `OT1/ptm/bx/n' in size <11> not available
(Font)              Font shape `OT1/ptm/b/n' tried instead on input line 1090.
LaTeX Font Info:    Font shape `OT1/ptm/bx/it' in size <11> not available
(Font)              Font shape `OT1/ptm/b/it' tried instead on input line 1090.
LaTeX Font Info:    Font shape `OT1/ptm/bx/n' in size <12> not available
(Font)              Font shape `OT1/ptm/b/n' tried instead on input line 1090.
LaTeX Font Info:    Font shape `OT1/ptm/bx/it' in size <12> not available
(Font)              Font shape `OT1/ptm/b/it' tried instead on input line 1090.
LaTeX Font Info:    Font shape `OT1/ptm/bx/n' in size <17> not available
(Font)              Font shape `OT1/ptm/b/n' tried instead on input line 1090.
LaTeX Font Info:    Font shape `OT1/ptm/bx/it' in size <17> not available
(Font)              Font shape `OT1/ptm/b/it' tried instead on input line 1090.
LaTeX Font Info:    Font shape `OT1/ptm/bx/n' in size <20> not available
(Font)              Font shape `OT1/ptm/b/n' tried instead on input line 1090.
LaTeX Font Info:    Font shape `OT1/ptm/bx/it' in size <20> not available
(Font)              Font shape `OT1/ptm/b/it' tried instead on input line 1090.
LaTeX Font Info:    Font shape `OT1/ptm/bx/n' in size <24> not available
(Font)              Font shape `OT1/ptm/b/n' tried instead on input line 1090.
LaTeX Font Info:    Font shape `OT1/ptm/bx/it' in size <24> not available
(Font)              Font shape `OT1/ptm/b/it' tried instead on input line 1090.
\IEEEquantizedlength=\dimen141
\IEEEquantizedlengthdiff=\dimen142
\IEEEquantizedtextheightdiff=\dimen143
\IEEEilabelindentA=\dimen144
\IEEEilabelindentB=\dimen145
\IEEEilabelindent=\dimen146
\IEEEelabelindent=\dimen147
\IEEEdlabelindent=\dimen148
\IEEElabelindent=\dimen149
\IEEEiednormlabelsep=\dimen150
\IEEEiedmathlabelsep=\dimen151
\IEEEiedtopsep=\skip47
\c@section=\count170
\c@subsection=\count171
\c@subsubsection=\count172
\c@paragraph=\count173
\c@IEEEsubequation=\count174
\abovecaptionskip=\skip48
\belowcaptionskip=\skip49
\c@figure=\count175
\c@table=\count176
\@IEEEeqnnumcols=\count177
\@IEEEeqncolcnt=\count178
\@IEEEsubeqnnumrollback=\count179
\@IEEEquantizeheightA=\dimen152
\@IEEEquantizeheightB=\dimen153
\@IEEEquantizeheightC=\dimen154
\@IEEEquantizeprevdepth=\dimen155
\@IEEEquantizemultiple=\count180
\@IEEEquantizeboxA=\box45
\@IEEEtmpitemindent=\dimen156
\IEEEPARstartletwidth=\dimen157
\c@IEEEbiography=\count181
\@IEEEtranrubishbin=\box46
) (/usr/share/texlive/texmf-dist/tex/latex/l3backend/l3backend-pdfmode.def
File: l3backend-pdfmode.def 2020-02-03 L3 backend support: PDF mode
\l__kernel_color_stack_int=\count182
\l__pdf_internal_box=\box47
) (/media/nirajan/cea4c185-1562-436a-bf0b-3d5b8338414e/Engineering Resources/6. Sixth/OS/OS LAB REPORT/Lab_2/lab_report_2.aux)
\openout1 = `lab_report_2.aux'.

LaTeX Font Info:    Checking defaults for OML/cmm/m/it on input line 15.
LaTeX Font Info:    ... okay on input line 15.
LaTeX Font Info:    Checking defaults for OMS/cmsy/m/n on input line 15.
LaTeX Font Info:    ... okay on input line 15.
LaTeX Font Info:    Checking defaults for OT1/cmr/m/n on input line 15.
LaTeX Font Info:    ... okay on input line 15.
LaTeX Font Info:    Checking defaults for T1/cmr/m/n on input line 15.
LaTeX Font Info:    ... okay on input line 15.
LaTeX Font Info:    Checking defaults for TS1/cmr/m/n on input line 15.
LaTeX Font Info:    ... okay on input line 15.
LaTeX Font Info:    Checking defaults for OMX/cmex/m/n on input line 15.
LaTeX Font Info:    ... okay on input line 15.
LaTeX Font Info:    Checking defaults for U/cmr/m/n on input line 15.
LaTeX Font Info:    ... okay on input line 15.

-- Lines per column: 58 (exact).
LaTeX Font Info:    Trying to load font information for OT1+pcr on input line 59.
(/usr/share/texlive/texmf-dist/tex/latex/psnfss/ot1pcr.fd
File: ot1pcr.fd 2001/06/04 font definitions for OT1/pcr.
) [1{/var/lib/texmf/fonts/map/pdftex/updmap/pdftex.map}] [2] [3]
LaTeX Font Info:    External font `cmex10' loaded for size
(Font)              <7> on input line 295.
LaTeX Font Info:    External font `cmex10' loaded for size
(Font)              <5> on input line 295.
 [4] (/media/nirajan/cea4c185-1562-436a-bf0b-3d5b8338414e/Engineering Resources/6. Sixth/OS/OS LAB REPORT/Lab_2/lab_report_2.aux) ) 
Here is how much of TeX's memory you used:
 1229 strings out of 481239
 24612 string characters out of 5920377
 260235 words of memory out of 5000000
 16557 multiletter control sequences out of 15000+600000
 563211 words of font info for 76 fonts, out of 8000000 for 9000
 1144 hyphenation exceptions out of 8191
 27i,5n,21p,496b,276s stack positions out of 5000i,500n,10000p,200000b,80000s
{/usr/share/texlive/texmf-dist/fonts/enc/dvips/base/8r.enc}</usr/share/texlive/texmf-dist/fonts/type1/public/amsfonts/cm/cmmi10.pfb></usr/share/texlive/texmf-dist/fonts/type1/public/amsfonts/cm/cmmi7.pfb></usr/share/texlive/texmf-dist/fonts/type1/urw/courier/ucrr8a.pfb></usr/share/texlive/texmf-dist/fonts/type1/urw/times/utmb8a.pfb></usr/share/texlive/texmf-dist/fonts/type1/urw/times/utmr8a.pfb>
Output written on "/media/nirajan/cea4c185-1562-436a-bf0b-3d5b8338414e/Engineering Resources/6. Sixth/OS/OS LAB REPORT/Lab_2/lab_report_2.pdf" (4 pages, 63134 bytes).
PDF statistics:
 38 PDF objects out of 1000 (max. 8388607)
 26 compressed objects within 1 object stream
 0 named destinations out of 1000 (max. 500000)
 1 words of extra memory for PDF output out of 10000 (max. 10000000)

